<![LOG[CleanupDownload...]LOG]!><time="10:51:59.565-60" date="11-10-2017" component="AlternateHandler" context="" type="1" thread="9812" file="calternatehandler.cpp:408">
<![LOG[Input pGuidContentHandle NULL or empty, or NOT equal to current m_GuidContentHandle, skip cleanup, no need to cleanup or another update content downloading might be inprogress]LOG]!><time="10:51:59.566-60" date="11-10-2017" component="AlternateHandler" context="" type="1" thread="9812" file="calternatehandler.cpp:415">
<![LOG[CleanupInstall...]LOG]!><time="10:51:59.566-60" date="11-10-2017" component="AlternateHandler" context="" type="1" thread="9812" file="calternatehandler.cpp:470">
<![LOG[URegTimer of TimerCookie=0.]LOG]!><time="10:51:59.567-60" date="11-10-2017" component="AlternateHandler" context="" type="1" thread="9812" file="calternatehandler.cpp:795">
<![LOG[CleanupDownload...]LOG]!><time="13:03:02.414-60" date="12-11-2017" component="AlternateHandler" context="" type="1" thread="9712" file="calternatehandler.cpp:408">
<![LOG[Input pGuidContentHandle NULL or empty, or NOT equal to current m_GuidContentHandle, skip cleanup, no need to cleanup or another update content downloading might be inprogress]LOG]!><time="13:03:02.414-60" date="12-11-2017" component="AlternateHandler" context="" type="1" thread="9712" file="calternatehandler.cpp:415">
<![LOG[CleanupInstall...]LOG]!><time="13:03:02.414-60" date="12-11-2017" component="AlternateHandler" context="" type="1" thread="9712" file="calternatehandler.cpp:470">
<![LOG[URegTimer of TimerCookie=0.]LOG]!><time="13:03:02.414-60" date="12-11-2017" component="AlternateHandler" context="" type="1" thread="9712" file="calternatehandler.cpp:795">
<![LOG[CleanupDownload...]LOG]!><time="13:21:52.354-60" date="12-11-2017" component="AlternateHandler" context="" type="1" thread="9032" file="calternatehandler.cpp:408">
<![LOG[Input pGuidContentHandle NULL or empty, or NOT equal to current m_GuidContentHandle, skip cleanup, no need to cleanup or another update content downloading might be inprogress]LOG]!><time="13:21:52.354-60" date="12-11-2017" component="AlternateHandler" context="" type="1" thread="9032" file="calternatehandler.cpp:415">
<![LOG[CleanupInstall...]LOG]!><time="13:21:52.354-60" date="12-11-2017" component="AlternateHandler" context="" type="1" thread="9032" file="calternatehandler.cpp:470">
<![LOG[URegTimer of TimerCookie=0.]LOG]!><time="13:21:52.354-60" date="12-11-2017" component="AlternateHandler" context="" type="1" thread="9032" file="calternatehandler.cpp:795">
<![LOG[CleanupDownload...]LOG]!><time="13:42:39.422-60" date="12-11-2017" component="AlternateHandler" context="" type="1" thread="5592" file="calternatehandler.cpp:408">
<![LOG[Input pGuidContentHandle NULL or empty, or NOT equal to current m_GuidContentHandle, skip cleanup, no need to cleanup or another update content downloading might be inprogress]LOG]!><time="13:42:39.422-60" date="12-11-2017" component="AlternateHandler" context="" type="1" thread="5592" file="calternatehandler.cpp:415">
<![LOG[CleanupInstall...]LOG]!><time="13:42:39.422-60" date="12-11-2017" component="AlternateHandler" context="" type="1" thread="5592" file="calternatehandler.cpp:470">
<![LOG[URegTimer of TimerCookie=0.]LOG]!><time="13:42:39.422-60" date="12-11-2017" component="AlternateHandler" context="" type="1" thread="5592" file="calternatehandler.cpp:795">
<![LOG[CleanupDownload...]LOG]!><time="13:21:49.599-60" date="12-18-2017" component="AlternateHandler" context="" type="1" thread="5040" file="calternatehandler.cpp:408">
<![LOG[Input pGuidContentHandle NULL or empty, or NOT equal to current m_GuidContentHandle, skip cleanup, no need to cleanup or another update content downloading might be inprogress]LOG]!><time="13:21:49.614-60" date="12-18-2017" component="AlternateHandler" context="" type="1" thread="5040" file="calternatehandler.cpp:415">
<![LOG[CleanupInstall...]LOG]!><time="13:21:49.615-60" date="12-18-2017" component="AlternateHandler" context="" type="1" thread="5040" file="calternatehandler.cpp:470">
<![LOG[URegTimer of TimerCookie=0.]LOG]!><time="13:21:49.616-60" date="12-18-2017" component="AlternateHandler" context="" type="1" thread="5040" file="calternatehandler.cpp:795">
<![LOG[CleanupDownload...]LOG]!><time="07:09:45.138-60" date="12-27-2017" component="AlternateHandler" context="" type="1" thread="2960" file="calternatehandler.cpp:408">
<![LOG[Input pGuidContentHandle NULL or empty, or NOT equal to current m_GuidContentHandle, skip cleanup, no need to cleanup or another update content downloading might be inprogress]LOG]!><time="07:09:45.140-60" date="12-27-2017" component="AlternateHandler" context="" type="1" thread="2960" file="calternatehandler.cpp:415">
<![LOG[CleanupInstall...]LOG]!><time="07:09:45.141-60" date="12-27-2017" component="AlternateHandler" context="" type="1" thread="2960" file="calternatehandler.cpp:470">
<![LOG[URegTimer of TimerCookie=0.]LOG]!><time="07:09:45.141-60" date="12-27-2017" component="AlternateHandler" context="" type="1" thread="2960" file="calternatehandler.cpp:795">
<![LOG[CleanupDownload...]LOG]!><time="08:14:47.670-60" date="12-27-2017" component="AlternateHandler" context="" type="1" thread="4256" file="calternatehandler.cpp:408">
<![LOG[Input pGuidContentHandle NULL or empty, or NOT equal to current m_GuidContentHandle, skip cleanup, no need to cleanup or another update content downloading might be inprogress]LOG]!><time="08:14:47.670-60" date="12-27-2017" component="AlternateHandler" context="" type="1" thread="4256" file="calternatehandler.cpp:415">
<![LOG[CleanupInstall...]LOG]!><time="08:14:47.670-60" date="12-27-2017" component="AlternateHandler" context="" type="1" thread="4256" file="calternatehandler.cpp:470">
<![LOG[URegTimer of TimerCookie=0.]LOG]!><time="08:14:47.670-60" date="12-27-2017" component="AlternateHandler" context="" type="1" thread="4256" file="calternatehandler.cpp:795">
<![LOG[CleanupDownload...]LOG]!><time="08:51:19.535-60" date="01-03-2018" component="AlternateHandler" context="" type="1" thread="10456" file="calternatehandler.cpp:408">
<![LOG[Input pGuidContentHandle NULL or empty, or NOT equal to current m_GuidContentHandle, skip cleanup, no need to cleanup or another update content downloading might be inprogress]LOG]!><time="08:51:19.540-60" date="01-03-2018" component="AlternateHandler" context="" type="1" thread="10456" file="calternatehandler.cpp:415">
<![LOG[CleanupInstall...]LOG]!><time="08:51:19.540-60" date="01-03-2018" component="AlternateHandler" context="" type="1" thread="10456" file="calternatehandler.cpp:470">
<![LOG[URegTimer of TimerCookie=0.]LOG]!><time="08:51:19.540-60" date="01-03-2018" component="AlternateHandler" context="" type="1" thread="10456" file="calternatehandler.cpp:795">
<![LOG[CleanupDownload...]LOG]!><time="07:52:38.103-60" date="01-04-2018" component="AlternateHandler" context="" type="1" thread="1284" file="calternatehandler.cpp:408">
<![LOG[Input pGuidContentHandle NULL or empty, or NOT equal to current m_GuidContentHandle, skip cleanup, no need to cleanup or another update content downloading might be inprogress]LOG]!><time="07:52:38.105-60" date="01-04-2018" component="AlternateHandler" context="" type="1" thread="1284" file="calternatehandler.cpp:415">
<![LOG[CleanupInstall...]LOG]!><time="07:52:38.105-60" date="01-04-2018" component="AlternateHandler" context="" type="1" thread="1284" file="calternatehandler.cpp:470">
<![LOG[URegTimer of TimerCookie=0.]LOG]!><time="07:52:38.105-60" date="01-04-2018" component="AlternateHandler" context="" type="1" thread="1284" file="calternatehandler.cpp:795">
<![LOG[CleanupDownload...]LOG]!><time="06:57:13.284-60" date="01-05-2018" component="AlternateHandler" context="" type="1" thread="8124" file="calternatehandler.cpp:408">
<![LOG[Input pGuidContentHandle NULL or empty, or NOT equal to current m_GuidContentHandle, skip cleanup, no need to cleanup or another update content downloading might be inprogress]LOG]!><time="06:57:13.286-60" date="01-05-2018" component="AlternateHandler" context="" type="1" thread="8124" file="calternatehandler.cpp:415">
<![LOG[CleanupInstall...]LOG]!><time="06:57:13.286-60" date="01-05-2018" component="AlternateHandler" context="" type="1" thread="8124" file="calternatehandler.cpp:470">
<![LOG[URegTimer of TimerCookie=0.]LOG]!><time="06:57:13.286-60" date="01-05-2018" component="AlternateHandler" context="" type="1" thread="8124" file="calternatehandler.cpp:795">
<![LOG[CleanupDownload...]LOG]!><time="09:01:24.834-60" date="01-08-2018" component="AlternateHandler" context="" type="1" thread="11820" file="calternatehandler.cpp:408">
<![LOG[Input pGuidContentHandle NULL or empty, or NOT equal to current m_GuidContentHandle, skip cleanup, no need to cleanup or another update content downloading might be inprogress]LOG]!><time="09:01:24.835-60" date="01-08-2018" component="AlternateHandler" context="" type="1" thread="11820" file="calternatehandler.cpp:415">
<![LOG[CleanupInstall...]LOG]!><time="09:01:24.835-60" date="01-08-2018" component="AlternateHandler" context="" type="1" thread="11820" file="calternatehandler.cpp:470">
<![LOG[URegTimer of TimerCookie=0.]LOG]!><time="09:01:24.835-60" date="01-08-2018" component="AlternateHandler" context="" type="1" thread="11820" file="calternatehandler.cpp:795">
<![LOG[CleanupDownload...]LOG]!><time="08:50:47.234-60" date="01-09-2018" component="AlternateHandler" context="" type="1" thread="7608" file="calternatehandler.cpp:408">
<![LOG[Input pGuidContentHandle NULL or empty, or NOT equal to current m_GuidContentHandle, skip cleanup, no need to cleanup or another update content downloading might be inprogress]LOG]!><time="08:50:47.236-60" date="01-09-2018" component="AlternateHandler" context="" type="1" thread="7608" file="calternatehandler.cpp:415">
<![LOG[CleanupInstall...]LOG]!><time="08:50:47.236-60" date="01-09-2018" component="AlternateHandler" context="" type="1" thread="7608" file="calternatehandler.cpp:470">
<![LOG[URegTimer of TimerCookie=0.]LOG]!><time="08:50:47.236-60" date="01-09-2018" component="AlternateHandler" context="" type="1" thread="7608" file="calternatehandler.cpp:795">
<![LOG[CleanupDownload...]LOG]!><time="06:40:28.093-60" date="01-11-2018" component="AlternateHandler" context="" type="1" thread="9340" file="calternatehandler.cpp:408">
<![LOG[Input pGuidContentHandle NULL or empty, or NOT equal to current m_GuidContentHandle, skip cleanup, no need to cleanup or another update content downloading might be inprogress]LOG]!><time="06:40:28.096-60" date="01-11-2018" component="AlternateHandler" context="" type="1" thread="9340" file="calternatehandler.cpp:415">
<![LOG[CleanupInstall...]LOG]!><time="06:40:28.096-60" date="01-11-2018" component="AlternateHandler" context="" type="1" thread="9340" file="calternatehandler.cpp:470">
<![LOG[URegTimer of TimerCookie=0.]LOG]!><time="06:40:28.096-60" date="01-11-2018" component="AlternateHandler" context="" type="1" thread="9340" file="calternatehandler.cpp:795">
<![LOG[CleanupDownload...]LOG]!><time="07:55:21.227-60" date="01-12-2018" component="AlternateHandler" context="" type="1" thread="3340" file="calternatehandler.cpp:408">
<![LOG[Input pGuidContentHandle NULL or empty, or NOT equal to current m_GuidContentHandle, skip cleanup, no need to cleanup or another update content downloading might be inprogress]LOG]!><time="07:55:21.227-60" date="01-12-2018" component="AlternateHandler" context="" type="1" thread="3340" file="calternatehandler.cpp:415">
<![LOG[CleanupInstall...]LOG]!><time="07:55:21.227-60" date="01-12-2018" component="AlternateHandler" context="" type="1" thread="3340" file="calternatehandler.cpp:470">
<![LOG[URegTimer of TimerCookie=0.]LOG]!><time="07:55:21.227-60" date="01-12-2018" component="AlternateHandler" context="" type="1" thread="3340" file="calternatehandler.cpp:795">
<![LOG[CleanupDownload...]LOG]!><time="04:20:34.152-60" date="01-13-2018" component="AlternateHandler" context="" type="1" thread="3784" file="calternatehandler.cpp:408">
<![LOG[Input pGuidContentHandle NULL or empty, or NOT equal to current m_GuidContentHandle, skip cleanup, no need to cleanup or another update content downloading might be inprogress]LOG]!><time="04:20:34.152-60" date="01-13-2018" component="AlternateHandler" context="" type="1" thread="3784" file="calternatehandler.cpp:415">
<![LOG[CleanupInstall...]LOG]!><time="04:20:34.152-60" date="01-13-2018" component="AlternateHandler" context="" type="1" thread="3784" file="calternatehandler.cpp:470">
<![LOG[URegTimer of TimerCookie=0.]LOG]!><time="04:20:34.152-60" date="01-13-2018" component="AlternateHandler" context="" type="1" thread="3784" file="calternatehandler.cpp:795">
<![LOG[CleanupDownload...]LOG]!><time="08:12:40.173-60" date="01-17-2018" component="AlternateHandler" context="" type="1" thread="9684" file="calternatehandler.cpp:408">
<![LOG[Input pGuidContentHandle NULL or empty, or NOT equal to current m_GuidContentHandle, skip cleanup, no need to cleanup or another update content downloading might be inprogress]LOG]!><time="08:12:40.173-60" date="01-17-2018" component="AlternateHandler" context="" type="1" thread="9684" file="calternatehandler.cpp:415">
<![LOG[CleanupInstall...]LOG]!><time="08:12:40.173-60" date="01-17-2018" component="AlternateHandler" context="" type="1" thread="9684" file="calternatehandler.cpp:470">
<![LOG[URegTimer of TimerCookie=0.]LOG]!><time="08:12:40.173-60" date="01-17-2018" component="AlternateHandler" context="" type="1" thread="9684" file="calternatehandler.cpp:795">
<![LOG[CleanupDownload...]LOG]!><time="06:28:31.180-60" date="01-19-2018" component="AlternateHandler" context="" type="1" thread="1364" file="calternatehandler.cpp:408">
<![LOG[Input pGuidContentHandle NULL or empty, or NOT equal to current m_GuidContentHandle, skip cleanup, no need to cleanup or another update content downloading might be inprogress]LOG]!><time="06:28:31.180-60" date="01-19-2018" component="AlternateHandler" context="" type="1" thread="1364" file="calternatehandler.cpp:415">
<![LOG[CleanupInstall...]LOG]!><time="06:28:31.180-60" date="01-19-2018" component="AlternateHandler" context="" type="1" thread="1364" file="calternatehandler.cpp:470">
<![LOG[URegTimer of TimerCookie=0.]LOG]!><time="06:28:31.180-60" date="01-19-2018" component="AlternateHandler" context="" type="1" thread="1364" file="calternatehandler.cpp:795">
<![LOG[CleanupDownload...]LOG]!><time="14:01:29.809-60" date="01-19-2018" component="AlternateHandler" context="" type="1" thread="8464" file="calternatehandler.cpp:408">
<![LOG[Input pGuidContentHandle NULL or empty, or NOT equal to current m_GuidContentHandle, skip cleanup, no need to cleanup or another update content downloading might be inprogress]LOG]!><time="14:01:29.809-60" date="01-19-2018" component="AlternateHandler" context="" type="1" thread="8464" file="calternatehandler.cpp:415">
<![LOG[CleanupInstall...]LOG]!><time="14:01:29.809-60" date="01-19-2018" component="AlternateHandler" context="" type="1" thread="8464" file="calternatehandler.cpp:470">
<![LOG[URegTimer of TimerCookie=0.]LOG]!><time="14:01:29.809-60" date="01-19-2018" component="AlternateHandler" context="" type="1" thread="8464" file="calternatehandler.cpp:795">
<![LOG[CleanupDownload...]LOG]!><time="12:16:14.585-60" date="01-24-2018" component="AlternateHandler" context="" type="1" thread="3040" file="calternatehandler.cpp:408">
<![LOG[Input pGuidContentHandle NULL or empty, or NOT equal to current m_GuidContentHandle, skip cleanup, no need to cleanup or another update content downloading might be inprogress]LOG]!><time="12:16:14.585-60" date="01-24-2018" component="AlternateHandler" context="" type="1" thread="3040" file="calternatehandler.cpp:415">
<![LOG[CleanupInstall...]LOG]!><time="12:16:14.585-60" date="01-24-2018" component="AlternateHandler" context="" type="1" thread="3040" file="calternatehandler.cpp:470">
<![LOG[URegTimer of TimerCookie=0.]LOG]!><time="12:16:14.585-60" date="01-24-2018" component="AlternateHandler" context="" type="1" thread="3040" file="calternatehandler.cpp:795">
<![LOG[CleanupDownload...]LOG]!><time="06:30:27.131-60" date="01-25-2018" component="AlternateHandler" context="" type="1" thread="7216" file="calternatehandler.cpp:408">
<![LOG[Input pGuidContentHandle NULL or empty, or NOT equal to current m_GuidContentHandle, skip cleanup, no need to cleanup or another update content downloading might be inprogress]LOG]!><time="06:30:27.133-60" date="01-25-2018" component="AlternateHandler" context="" type="1" thread="7216" file="calternatehandler.cpp:415">
<![LOG[CleanupInstall...]LOG]!><time="06:30:27.133-60" date="01-25-2018" component="AlternateHandler" context="" type="1" thread="7216" file="calternatehandler.cpp:470">
<![LOG[URegTimer of TimerCookie=0.]LOG]!><time="06:30:27.133-60" date="01-25-2018" component="AlternateHandler" context="" type="1" thread="7216" file="calternatehandler.cpp:795">
<![LOG[CleanupDownload...]LOG]!><time="06:09:23.367-60" date="01-29-2018" component="AlternateHandler" context="" type="1" thread="8208" file="calternatehandler.cpp:408">
<![LOG[Input pGuidContentHandle NULL or empty, or NOT equal to current m_GuidContentHandle, skip cleanup, no need to cleanup or another update content downloading might be inprogress]LOG]!><time="06:09:23.369-60" date="01-29-2018" component="AlternateHandler" context="" type="1" thread="8208" file="calternatehandler.cpp:415">
<![LOG[CleanupInstall...]LOG]!><time="06:09:23.369-60" date="01-29-2018" component="AlternateHandler" context="" type="1" thread="8208" file="calternatehandler.cpp:470">
<![LOG[URegTimer of TimerCookie=0.]LOG]!><time="06:09:23.369-60" date="01-29-2018" component="AlternateHandler" context="" type="1" thread="8208" file="calternatehandler.cpp:795">
<![LOG[CleanupDownload...]LOG]!><time="09:33:13.034-60" date="01-30-2018" component="AlternateHandler" context="" type="1" thread="9880" file="calternatehandler.cpp:408">
<![LOG[Input pGuidContentHandle NULL or empty, or NOT equal to current m_GuidContentHandle, skip cleanup, no need to cleanup or another update content downloading might be inprogress]LOG]!><time="09:33:13.035-60" date="01-30-2018" component="AlternateHandler" context="" type="1" thread="9880" file="calternatehandler.cpp:415">
<![LOG[CleanupInstall...]LOG]!><time="09:33:13.035-60" date="01-30-2018" component="AlternateHandler" context="" type="1" thread="9880" file="calternatehandler.cpp:470">
<![LOG[URegTimer of TimerCookie=0.]LOG]!><time="09:33:13.035-60" date="01-30-2018" component="AlternateHandler" context="" type="1" thread="9880" file="calternatehandler.cpp:795">
<![LOG[CleanupDownload...]LOG]!><time="06:52:07.596-60" date="02-01-2018" component="AlternateHandler" context="" type="1" thread="10700" file="calternatehandler.cpp:408">
<![LOG[Input pGuidContentHandle NULL or empty, or NOT equal to current m_GuidContentHandle, skip cleanup, no need to cleanup or another update content downloading might be inprogress]LOG]!><time="06:52:07.598-60" date="02-01-2018" component="AlternateHandler" context="" type="1" thread="10700" file="calternatehandler.cpp:415">
<![LOG[CleanupInstall...]LOG]!><time="06:52:07.598-60" date="02-01-2018" component="AlternateHandler" context="" type="1" thread="10700" file="calternatehandler.cpp:470">
<![LOG[URegTimer of TimerCookie=0.]LOG]!><time="06:52:07.598-60" date="02-01-2018" component="AlternateHandler" context="" type="1" thread="10700" file="calternatehandler.cpp:795">
<![LOG[CleanupDownload...]LOG]!><time="08:30:16.429-60" date="02-02-2018" component="AlternateHandler" context="" type="1" thread="9928" file="calternatehandler.cpp:408">
<![LOG[Input pGuidContentHandle NULL or empty, or NOT equal to current m_GuidContentHandle, skip cleanup, no need to cleanup or another update content downloading might be inprogress]LOG]!><time="08:30:16.430-60" date="02-02-2018" component="AlternateHandler" context="" type="1" thread="9928" file="calternatehandler.cpp:415">
<![LOG[CleanupInstall...]LOG]!><time="08:30:16.430-60" date="02-02-2018" component="AlternateHandler" context="" type="1" thread="9928" file="calternatehandler.cpp:470">
<![LOG[URegTimer of TimerCookie=0.]LOG]!><time="08:30:16.430-60" date="02-02-2018" component="AlternateHandler" context="" type="1" thread="9928" file="calternatehandler.cpp:795">
<![LOG[CleanupDownload...]LOG]!><time="04:38:15.999-60" date="02-05-2018" component="AlternateHandler" context="" type="1" thread="9648" file="calternatehandler.cpp:408">
<![LOG[Input pGuidContentHandle NULL or empty, or NOT equal to current m_GuidContentHandle, skip cleanup, no need to cleanup or another update content downloading might be inprogress]LOG]!><time="04:38:15.999-60" date="02-05-2018" component="AlternateHandler" context="" type="1" thread="9648" file="calternatehandler.cpp:415">
<![LOG[CleanupInstall...]LOG]!><time="04:38:15.999-60" date="02-05-2018" component="AlternateHandler" context="" type="1" thread="9648" file="calternatehandler.cpp:470">
<![LOG[URegTimer of TimerCookie=0.]LOG]!><time="04:38:15.999-60" date="02-05-2018" component="AlternateHandler" context="" type="1" thread="9648" file="calternatehandler.cpp:795">
<![LOG[CleanupDownload...]LOG]!><time="15:29:38.159-60" date="02-22-2018" component="AlternateHandler" context="" type="1" thread="10132" file="calternatehandler.cpp:408">
<![LOG[Input pGuidContentHandle NULL or empty, or NOT equal to current m_GuidContentHandle, skip cleanup, no need to cleanup or another update content downloading might be inprogress]LOG]!><time="15:29:38.159-60" date="02-22-2018" component="AlternateHandler" context="" type="1" thread="10132" file="calternatehandler.cpp:415">
<![LOG[CleanupInstall...]LOG]!><time="15:29:38.159-60" date="02-22-2018" component="AlternateHandler" context="" type="1" thread="10132" file="calternatehandler.cpp:470">
<![LOG[URegTimer of TimerCookie=0.]LOG]!><time="15:29:38.159-60" date="02-22-2018" component="AlternateHandler" context="" type="1" thread="10132" file="calternatehandler.cpp:795">
<![LOG[CleanupDownload...]LOG]!><time="04:14:20.712-60" date="02-26-2018" component="AlternateHandler" context="" type="1" thread="6508" file="calternatehandler.cpp:408">
<![LOG[Input pGuidContentHandle NULL or empty, or NOT equal to current m_GuidContentHandle, skip cleanup, no need to cleanup or another update content downloading might be inprogress]LOG]!><time="04:14:20.712-60" date="02-26-2018" component="AlternateHandler" context="" type="1" thread="6508" file="calternatehandler.cpp:415">
<![LOG[CleanupInstall...]LOG]!><time="04:14:20.712-60" date="02-26-2018" component="AlternateHandler" context="" type="1" thread="6508" file="calternatehandler.cpp:470">
<![LOG[URegTimer of TimerCookie=0.]LOG]!><time="04:14:20.712-60" date="02-26-2018" component="AlternateHandler" context="" type="1" thread="6508" file="calternatehandler.cpp:795">
<![LOG[CleanupDownload...]LOG]!><time="12:31:05.827-60" date="02-26-2018" component="AlternateHandler" context="" type="1" thread="7724" file="calternatehandler.cpp:408">
<![LOG[Input pGuidContentHandle NULL or empty, or NOT equal to current m_GuidContentHandle, skip cleanup, no need to cleanup or another update content downloading might be inprogress]LOG]!><time="12:31:05.827-60" date="02-26-2018" component="AlternateHandler" context="" type="1" thread="7724" file="calternatehandler.cpp:415">
<![LOG[CleanupInstall...]LOG]!><time="12:31:05.827-60" date="02-26-2018" component="AlternateHandler" context="" type="1" thread="7724" file="calternatehandler.cpp:470">
<![LOG[URegTimer of TimerCookie=0.]LOG]!><time="12:31:05.827-60" date="02-26-2018" component="AlternateHandler" context="" type="1" thread="7724" file="calternatehandler.cpp:795">
<![LOG[CleanupDownload...]LOG]!><time="05:06:34.499-60" date="02-27-2018" component="AlternateHandler" context="" type="1" thread="3888" file="calternatehandler.cpp:408">
<![LOG[Input pGuidContentHandle NULL or empty, or NOT equal to current m_GuidContentHandle, skip cleanup, no need to cleanup or another update content downloading might be inprogress]LOG]!><time="05:06:34.499-60" date="02-27-2018" component="AlternateHandler" context="" type="1" thread="3888" file="calternatehandler.cpp:415">
<![LOG[CleanupInstall...]LOG]!><time="05:06:34.499-60" date="02-27-2018" component="AlternateHandler" context="" type="1" thread="3888" file="calternatehandler.cpp:470">
<![LOG[URegTimer of TimerCookie=0.]LOG]!><time="05:06:34.499-60" date="02-27-2018" component="AlternateHandler" context="" type="1" thread="3888" file="calternatehandler.cpp:795">
<![LOG[CleanupDownload...]LOG]!><time="06:00:49.804-60" date="02-28-2018" component="AlternateHandler" context="" type="1" thread="7936" file="calternatehandler.cpp:408">
<![LOG[Input pGuidContentHandle NULL or empty, or NOT equal to current m_GuidContentHandle, skip cleanup, no need to cleanup or another update content downloading might be inprogress]LOG]!><time="06:00:49.804-60" date="02-28-2018" component="AlternateHandler" context="" type="1" thread="7936" file="calternatehandler.cpp:415">
<![LOG[CleanupInstall...]LOG]!><time="06:00:49.804-60" date="02-28-2018" component="AlternateHandler" context="" type="1" thread="7936" file="calternatehandler.cpp:470">
<![LOG[URegTimer of TimerCookie=0.]LOG]!><time="06:00:49.804-60" date="02-28-2018" component="AlternateHandler" context="" type="1" thread="7936" file="calternatehandler.cpp:795">
<![LOG[CleanupDownload...]LOG]!><time="05:40:24.806-60" date="03-02-2018" component="AlternateHandler" context="" type="1" thread="6616" file="calternatehandler.cpp:408">
<![LOG[Input pGuidContentHandle NULL or empty, or NOT equal to current m_GuidContentHandle, skip cleanup, no need to cleanup or another update content downloading might be inprogress]LOG]!><time="05:40:24.807-60" date="03-02-2018" component="AlternateHandler" context="" type="1" thread="6616" file="calternatehandler.cpp:415">
<![LOG[CleanupInstall...]LOG]!><time="05:40:24.807-60" date="03-02-2018" component="AlternateHandler" context="" type="1" thread="6616" file="calternatehandler.cpp:470">
<![LOG[URegTimer of TimerCookie=0.]LOG]!><time="05:40:24.807-60" date="03-02-2018" component="AlternateHandler" context="" type="1" thread="6616" file="calternatehandler.cpp:795">
<![LOG[CleanupDownload...]LOG]!><time="04:14:18.213-60" date="03-05-2018" component="AlternateHandler" context="" type="1" thread="5452" file="calternatehandler.cpp:408">
<![LOG[Input pGuidContentHandle NULL or empty, or NOT equal to current m_GuidContentHandle, skip cleanup, no need to cleanup or another update content downloading might be inprogress]LOG]!><time="04:14:18.229-60" date="03-05-2018" component="AlternateHandler" context="" type="1" thread="5452" file="calternatehandler.cpp:415">
<![LOG[CleanupInstall...]LOG]!><time="04:14:18.229-60" date="03-05-2018" component="AlternateHandler" context="" type="1" thread="5452" file="calternatehandler.cpp:470">
<![LOG[URegTimer of TimerCookie=0.]LOG]!><time="04:14:18.229-60" date="03-05-2018" component="AlternateHandler" context="" type="1" thread="5452" file="calternatehandler.cpp:795">
<![LOG[CleanupDownload...]LOG]!><time="04:38:11.779-60" date="03-06-2018" component="AlternateHandler" context="" type="1" thread="3812" file="calternatehandler.cpp:408">
<![LOG[Input pGuidContentHandle NULL or empty, or NOT equal to current m_GuidContentHandle, skip cleanup, no need to cleanup or another update content downloading might be inprogress]LOG]!><time="04:38:11.780-60" date="03-06-2018" component="AlternateHandler" context="" type="1" thread="3812" file="calternatehandler.cpp:415">
<![LOG[CleanupInstall...]LOG]!><time="04:38:11.780-60" date="03-06-2018" component="AlternateHandler" context="" type="1" thread="3812" file="calternatehandler.cpp:470">
<![LOG[URegTimer of TimerCookie=0.]LOG]!><time="04:38:11.780-60" date="03-06-2018" component="AlternateHandler" context="" type="1" thread="3812" file="calternatehandler.cpp:795">
<![LOG[CleanupDownload...]LOG]!><time="09:03:12.236-60" date="03-07-2018" component="AlternateHandler" context="" type="1" thread="648" file="calternatehandler.cpp:408">
<![LOG[Input pGuidContentHandle NULL or empty, or NOT equal to current m_GuidContentHandle, skip cleanup, no need to cleanup or another update content downloading might be inprogress]LOG]!><time="09:03:12.238-60" date="03-07-2018" component="AlternateHandler" context="" type="1" thread="648" file="calternatehandler.cpp:415">
<![LOG[CleanupInstall...]LOG]!><time="09:03:12.238-60" date="03-07-2018" component="AlternateHandler" context="" type="1" thread="648" file="calternatehandler.cpp:470">
<![LOG[URegTimer of TimerCookie=0.]LOG]!><time="09:03:12.238-60" date="03-07-2018" component="AlternateHandler" context="" type="1" thread="648" file="calternatehandler.cpp:795">
<![LOG[CleanupDownload...]LOG]!><time="08:45:11.061-60" date="03-09-2018" component="AlternateHandler" context="" type="1" thread="3544" file="calternatehandler.cpp:408">
<![LOG[Input pGuidContentHandle NULL or empty, or NOT equal to current m_GuidContentHandle, skip cleanup, no need to cleanup or another update content downloading might be inprogress]LOG]!><time="08:45:11.062-60" date="03-09-2018" component="AlternateHandler" context="" type="1" thread="3544" file="calternatehandler.cpp:415">
<![LOG[CleanupInstall...]LOG]!><time="08:45:11.062-60" date="03-09-2018" component="AlternateHandler" context="" type="1" thread="3544" file="calternatehandler.cpp:470">
<![LOG[URegTimer of TimerCookie=0.]LOG]!><time="08:45:11.062-60" date="03-09-2018" component="AlternateHandler" context="" type="1" thread="3544" file="calternatehandler.cpp:795">
<![LOG[CleanupDownload...]LOG]!><time="05:31:30.716-60" date="03-12-2018" component="AlternateHandler" context="" type="1" thread="10972" file="calternatehandler.cpp:408">
<![LOG[Input pGuidContentHandle NULL or empty, or NOT equal to current m_GuidContentHandle, skip cleanup, no need to cleanup or another update content downloading might be inprogress]LOG]!><time="05:31:30.716-60" date="03-12-2018" component="AlternateHandler" context="" type="1" thread="10972" file="calternatehandler.cpp:415">
<![LOG[CleanupInstall...]LOG]!><time="05:31:30.716-60" date="03-12-2018" component="AlternateHandler" context="" type="1" thread="10972" file="calternatehandler.cpp:470">
<![LOG[URegTimer of TimerCookie=0.]LOG]!><time="05:31:30.716-60" date="03-12-2018" component="AlternateHandler" context="" type="1" thread="10972" file="calternatehandler.cpp:795">
<![LOG[CleanupDownload...]LOG]!><time="09:02:52.812-60" date="03-14-2018" component="AlternateHandler" context="" type="1" thread="4108" file="calternatehandler.cpp:408">
<![LOG[Input pGuidContentHandle NULL or empty, or NOT equal to current m_GuidContentHandle, skip cleanup, no need to cleanup or another update content downloading might be inprogress]LOG]!><time="09:02:52.814-60" date="03-14-2018" component="AlternateHandler" context="" type="1" thread="4108" file="calternatehandler.cpp:415">
<![LOG[CleanupInstall...]LOG]!><time="09:02:52.814-60" date="03-14-2018" component="AlternateHandler" context="" type="1" thread="4108" file="calternatehandler.cpp:470">
<![LOG[URegTimer of TimerCookie=0.]LOG]!><time="09:02:52.814-60" date="03-14-2018" component="AlternateHandler" context="" type="1" thread="4108" file="calternatehandler.cpp:795">
<![LOG[CleanupDownload...]LOG]!><time="08:45:14.069-60" date="03-15-2018" component="AlternateHandler" context="" type="1" thread="12064" file="calternatehandler.cpp:408">
<![LOG[Input pGuidContentHandle NULL or empty, or NOT equal to current m_GuidContentHandle, skip cleanup, no need to cleanup or another update content downloading might be inprogress]LOG]!><time="08:45:14.071-60" date="03-15-2018" component="AlternateHandler" context="" type="1" thread="12064" file="calternatehandler.cpp:415">
<![LOG[CleanupInstall...]LOG]!><time="08:45:14.071-60" date="03-15-2018" component="AlternateHandler" context="" type="1" thread="12064" file="calternatehandler.cpp:470">
<![LOG[URegTimer of TimerCookie=0.]LOG]!><time="08:45:14.071-60" date="03-15-2018" component="AlternateHandler" context="" type="1" thread="12064" file="calternatehandler.cpp:795">
<![LOG[CleanupDownload...]LOG]!><time="06:39:51.947-60" date="03-16-2018" component="AlternateHandler" context="" type="1" thread="8768" file="calternatehandler.cpp:408">
<![LOG[Input pGuidContentHandle NULL or empty, or NOT equal to current m_GuidContentHandle, skip cleanup, no need to cleanup or another update content downloading might be inprogress]LOG]!><time="06:39:51.947-60" date="03-16-2018" component="AlternateHandler" context="" type="1" thread="8768" file="calternatehandler.cpp:415">
<![LOG[CleanupInstall...]LOG]!><time="06:39:51.947-60" date="03-16-2018" component="AlternateHandler" context="" type="1" thread="8768" file="calternatehandler.cpp:470">
<![LOG[URegTimer of TimerCookie=0.]LOG]!><time="06:39:51.947-60" date="03-16-2018" component="AlternateHandler" context="" type="1" thread="8768" file="calternatehandler.cpp:795">
<![LOG[CleanupDownload...]LOG]!><time="06:16:27.317-60" date="03-20-2018" component="AlternateHandler" context="" type="1" thread="8980" file="calternatehandler.cpp:408">
<![LOG[Input pGuidContentHandle NULL or empty, or NOT equal to current m_GuidContentHandle, skip cleanup, no need to cleanup or another update content downloading might be inprogress]LOG]!><time="06:16:27.318-60" date="03-20-2018" component="AlternateHandler" context="" type="1" thread="8980" file="calternatehandler.cpp:415">
<![LOG[CleanupInstall...]LOG]!><time="06:16:27.318-60" date="03-20-2018" component="AlternateHandler" context="" type="1" thread="8980" file="calternatehandler.cpp:470">
<![LOG[URegTimer of TimerCookie=0.]LOG]!><time="06:16:27.318-60" date="03-20-2018" component="AlternateHandler" context="" type="1" thread="8980" file="calternatehandler.cpp:795">
<![LOG[CleanupDownload...]LOG]!><time="05:21:55.654-60" date="03-21-2018" component="AlternateHandler" context="" type="1" thread="7928" file="calternatehandler.cpp:408">
<![LOG[Input pGuidContentHandle NULL or empty, or NOT equal to current m_GuidContentHandle, skip cleanup, no need to cleanup or another update content downloading might be inprogress]LOG]!><time="05:21:55.656-60" date="03-21-2018" component="AlternateHandler" context="" type="1" thread="7928" file="calternatehandler.cpp:415">
<![LOG[CleanupInstall...]LOG]!><time="05:21:55.656-60" date="03-21-2018" component="AlternateHandler" context="" type="1" thread="7928" file="calternatehandler.cpp:470">
<![LOG[URegTimer of TimerCookie=0.]LOG]!><time="05:21:55.656-60" date="03-21-2018" component="AlternateHandler" context="" type="1" thread="7928" file="calternatehandler.cpp:795">
<![LOG[CleanupDownload...]LOG]!><time="08:02:58.172-60" date="03-21-2018" component="AlternateHandler" context="" type="1" thread="11336" file="calternatehandler.cpp:408">
<![LOG[Input pGuidContentHandle NULL or empty, or NOT equal to current m_GuidContentHandle, skip cleanup, no need to cleanup or another update content downloading might be inprogress]LOG]!><time="08:02:58.173-60" date="03-21-2018" component="AlternateHandler" context="" type="1" thread="11336" file="calternatehandler.cpp:415">
<![LOG[CleanupInstall...]LOG]!><time="08:02:58.173-60" date="03-21-2018" component="AlternateHandler" context="" type="1" thread="11336" file="calternatehandler.cpp:470">
<![LOG[URegTimer of TimerCookie=0.]LOG]!><time="08:02:58.173-60" date="03-21-2018" component="AlternateHandler" context="" type="1" thread="11336" file="calternatehandler.cpp:795">
<![LOG[CleanupDownload...]LOG]!><time="04:10:03.608-60" date="03-22-2018" component="AlternateHandler" context="" type="1" thread="9080" file="calternatehandler.cpp:408">
<![LOG[Input pGuidContentHandle NULL or empty, or NOT equal to current m_GuidContentHandle, skip cleanup, no need to cleanup or another update content downloading might be inprogress]LOG]!><time="04:10:03.609-60" date="03-22-2018" component="AlternateHandler" context="" type="1" thread="9080" file="calternatehandler.cpp:415">
<![LOG[CleanupInstall...]LOG]!><time="04:10:03.610-60" date="03-22-2018" component="AlternateHandler" context="" type="1" thread="9080" file="calternatehandler.cpp:470">
<![LOG[URegTimer of TimerCookie=0.]LOG]!><time="04:10:03.610-60" date="03-22-2018" component="AlternateHandler" context="" type="1" thread="9080" file="calternatehandler.cpp:795">
<![LOG[CleanupDownload...]LOG]!><time="05:56:54.508-120" date="03-26-2018" component="AlternateHandler" context="" type="1" thread="8828" file="calternatehandler.cpp:408">
<![LOG[Input pGuidContentHandle NULL or empty, or NOT equal to current m_GuidContentHandle, skip cleanup, no need to cleanup or another update content downloading might be inprogress]LOG]!><time="05:56:54.524-120" date="03-26-2018" component="AlternateHandler" context="" type="1" thread="8828" file="calternatehandler.cpp:415">
<![LOG[CleanupInstall...]LOG]!><time="05:56:54.524-120" date="03-26-2018" component="AlternateHandler" context="" type="1" thread="8828" file="calternatehandler.cpp:470">
<![LOG[URegTimer of TimerCookie=0.]LOG]!><time="05:56:54.524-120" date="03-26-2018" component="AlternateHandler" context="" type="1" thread="8828" file="calternatehandler.cpp:795">
<![LOG[CleanupDownload...]LOG]!><time="07:59:42.103-120" date="03-26-2018" component="AlternateHandler" context="" type="1" thread="7696" file="calternatehandler.cpp:408">
<![LOG[Input pGuidContentHandle NULL or empty, or NOT equal to current m_GuidContentHandle, skip cleanup, no need to cleanup or another update content downloading might be inprogress]LOG]!><time="07:59:42.104-120" date="03-26-2018" component="AlternateHandler" context="" type="1" thread="7696" file="calternatehandler.cpp:415">
<![LOG[CleanupInstall...]LOG]!><time="07:59:42.104-120" date="03-26-2018" component="AlternateHandler" context="" type="1" thread="7696" file="calternatehandler.cpp:470">
<![LOG[URegTimer of TimerCookie=0.]LOG]!><time="07:59:42.104-120" date="03-26-2018" component="AlternateHandler" context="" type="1" thread="7696" file="calternatehandler.cpp:795">
<![LOG[CleanupDownload...]LOG]!><time="07:17:17.552-120" date="03-28-2018" component="AlternateHandler" context="" type="1" thread="7592" file="calternatehandler.cpp:408">
<![LOG[Input pGuidContentHandle NULL or empty, or NOT equal to current m_GuidContentHandle, skip cleanup, no need to cleanup or another update content downloading might be inprogress]LOG]!><time="07:17:17.552-120" date="03-28-2018" component="AlternateHandler" context="" type="1" thread="7592" file="calternatehandler.cpp:415">
<![LOG[CleanupInstall...]LOG]!><time="07:17:17.552-120" date="03-28-2018" component="AlternateHandler" context="" type="1" thread="7592" file="calternatehandler.cpp:470">
<![LOG[URegTimer of TimerCookie=0.]LOG]!><time="07:17:17.552-120" date="03-28-2018" component="AlternateHandler" context="" type="1" thread="7592" file="calternatehandler.cpp:795">
<![LOG[CleanupDownload...]LOG]!><time="05:28:29.887-120" date="03-30-2018" component="AlternateHandler" context="" type="1" thread="2772" file="calternatehandler.cpp:408">
<![LOG[Input pGuidContentHandle NULL or empty, or NOT equal to current m_GuidContentHandle, skip cleanup, no need to cleanup or another update content downloading might be inprogress]LOG]!><time="05:28:29.897-120" date="03-30-2018" component="AlternateHandler" context="" type="1" thread="2772" file="calternatehandler.cpp:415">
<![LOG[CleanupInstall...]LOG]!><time="05:28:29.897-120" date="03-30-2018" component="AlternateHandler" context="" type="1" thread="2772" file="calternatehandler.cpp:470">
<![LOG[URegTimer of TimerCookie=0.]LOG]!><time="05:28:29.897-120" date="03-30-2018" component="AlternateHandler" context="" type="1" thread="2772" file="calternatehandler.cpp:795">
<![LOG[CleanupDownload...]LOG]!><time="05:34:42.165-120" date="04-02-2018" component="AlternateHandler" context="" type="1" thread="11384" file="calternatehandler.cpp:408">
<![LOG[Input pGuidContentHandle NULL or empty, or NOT equal to current m_GuidContentHandle, skip cleanup, no need to cleanup or another update content downloading might be inprogress]LOG]!><time="05:34:42.175-120" date="04-02-2018" component="AlternateHandler" context="" type="1" thread="11384" file="calternatehandler.cpp:415">
<![LOG[CleanupInstall...]LOG]!><time="05:34:42.175-120" date="04-02-2018" component="AlternateHandler" context="" type="1" thread="11384" file="calternatehandler.cpp:470">
<![LOG[URegTimer of TimerCookie=0.]LOG]!><time="05:34:42.175-120" date="04-02-2018" component="AlternateHandler" context="" type="1" thread="11384" file="calternatehandler.cpp:795">
<![LOG[CleanupDownload...]LOG]!><time="06:17:25.168-120" date="04-03-2018" component="AlternateHandler" context="" type="1" thread="10668" file="calternatehandler.cpp:408">
<![LOG[Input pGuidContentHandle NULL or empty, or NOT equal to current m_GuidContentHandle, skip cleanup, no need to cleanup or another update content downloading might be inprogress]LOG]!><time="06:17:25.170-120" date="04-03-2018" component="AlternateHandler" context="" type="1" thread="10668" file="calternatehandler.cpp:415">
<![LOG[CleanupInstall...]LOG]!><time="06:17:25.170-120" date="04-03-2018" component="AlternateHandler" context="" type="1" thread="10668" file="calternatehandler.cpp:470">
<![LOG[URegTimer of TimerCookie=0.]LOG]!><time="06:17:25.170-120" date="04-03-2018" component="AlternateHandler" context="" type="1" thread="10668" file="calternatehandler.cpp:795">
<![LOG[CleanupDownload...]LOG]!><time="04:56:51.448-120" date="04-04-2018" component="AlternateHandler" context="" type="1" thread="6140" file="calternatehandler.cpp:408">
<![LOG[Input pGuidContentHandle NULL or empty, or NOT equal to current m_GuidContentHandle, skip cleanup, no need to cleanup or another update content downloading might be inprogress]LOG]!><time="04:56:51.448-120" date="04-04-2018" component="AlternateHandler" context="" type="1" thread="6140" file="calternatehandler.cpp:415">
<![LOG[CleanupInstall...]LOG]!><time="04:56:51.448-120" date="04-04-2018" component="AlternateHandler" context="" type="1" thread="6140" file="calternatehandler.cpp:470">
<![LOG[URegTimer of TimerCookie=0.]LOG]!><time="04:56:51.448-120" date="04-04-2018" component="AlternateHandler" context="" type="1" thread="6140" file="calternatehandler.cpp:795">
<![LOG[CleanupDownload...]LOG]!><time="05:18:15.468-120" date="04-05-2018" component="AlternateHandler" context="" type="1" thread="4060" file="calternatehandler.cpp:408">
<![LOG[Input pGuidContentHandle NULL or empty, or NOT equal to current m_GuidContentHandle, skip cleanup, no need to cleanup or another update content downloading might be inprogress]LOG]!><time="05:18:15.468-120" date="04-05-2018" component="AlternateHandler" context="" type="1" thread="4060" file="calternatehandler.cpp:415">
<![LOG[CleanupInstall...]LOG]!><time="05:18:15.468-120" date="04-05-2018" component="AlternateHandler" context="" type="1" thread="4060" file="calternatehandler.cpp:470">
<![LOG[URegTimer of TimerCookie=0.]LOG]!><time="05:18:15.468-120" date="04-05-2018" component="AlternateHandler" context="" type="1" thread="4060" file="calternatehandler.cpp:795">
<![LOG[CleanupDownload...]LOG]!><time="06:06:18.981-120" date="04-06-2018" component="AlternateHandler" context="" type="1" thread="10384" file="calternatehandler.cpp:408">
<![LOG[Input pGuidContentHandle NULL or empty, or NOT equal to current m_GuidContentHandle, skip cleanup, no need to cleanup or another update content downloading might be inprogress]LOG]!><time="06:06:18.982-120" date="04-06-2018" component="AlternateHandler" context="" type="1" thread="10384" file="calternatehandler.cpp:415">
<![LOG[CleanupInstall...]LOG]!><time="06:06:18.983-120" date="04-06-2018" component="AlternateHandler" context="" type="1" thread="10384" file="calternatehandler.cpp:470">
<![LOG[URegTimer of TimerCookie=0.]LOG]!><time="06:06:18.983-120" date="04-06-2018" component="AlternateHandler" context="" type="1" thread="10384" file="calternatehandler.cpp:795">
<![LOG[CleanupDownload...]LOG]!><time="08:10:10.256-120" date="04-06-2018" component="AlternateHandler" context="" type="1" thread="9516" file="calternatehandler.cpp:408">
<![LOG[Input pGuidContentHandle NULL or empty, or NOT equal to current m_GuidContentHandle, skip cleanup, no need to cleanup or another update content downloading might be inprogress]LOG]!><time="08:10:10.256-120" date="04-06-2018" component="AlternateHandler" context="" type="1" thread="9516" file="calternatehandler.cpp:415">
<![LOG[CleanupInstall...]LOG]!><time="08:10:10.256-120" date="04-06-2018" component="AlternateHandler" context="" type="1" thread="9516" file="calternatehandler.cpp:470">
<![LOG[URegTimer of TimerCookie=0.]LOG]!><time="08:10:10.256-120" date="04-06-2018" component="AlternateHandler" context="" type="1" thread="9516" file="calternatehandler.cpp:795">
<![LOG[CleanupDownload...]LOG]!><time="06:57:10.326-120" date="04-09-2018" component="AlternateHandler" context="" type="1" thread="10188" file="calternatehandler.cpp:408">
<![LOG[Input pGuidContentHandle NULL or empty, or NOT equal to current m_GuidContentHandle, skip cleanup, no need to cleanup or another update content downloading might be inprogress]LOG]!><time="06:57:10.326-120" date="04-09-2018" component="AlternateHandler" context="" type="1" thread="10188" file="calternatehandler.cpp:415">
<![LOG[CleanupInstall...]LOG]!><time="06:57:10.326-120" date="04-09-2018" component="AlternateHandler" context="" type="1" thread="10188" file="calternatehandler.cpp:470">
<![LOG[URegTimer of TimerCookie=0.]LOG]!><time="06:57:10.326-120" date="04-09-2018" component="AlternateHandler" context="" type="1" thread="10188" file="calternatehandler.cpp:795">
<![LOG[CleanupDownload...]LOG]!><time="06:11:48.807-120" date="04-12-2018" component="AlternateHandler" context="" type="1" thread="9672" file="calternatehandler.cpp:408">
<![LOG[Input pGuidContentHandle NULL or empty, or NOT equal to current m_GuidContentHandle, skip cleanup, no need to cleanup or another update content downloading might be inprogress]LOG]!><time="06:11:48.808-120" date="04-12-2018" component="AlternateHandler" context="" type="1" thread="9672" file="calternatehandler.cpp:415">
<![LOG[CleanupInstall...]LOG]!><time="06:11:48.808-120" date="04-12-2018" component="AlternateHandler" context="" type="1" thread="9672" file="calternatehandler.cpp:470">
<![LOG[URegTimer of TimerCookie=0.]LOG]!><time="06:11:48.808-120" date="04-12-2018" component="AlternateHandler" context="" type="1" thread="9672" file="calternatehandler.cpp:795">
<![LOG[CleanupDownload...]LOG]!><time="04:44:28.971-120" date="04-13-2018" component="AlternateHandler" context="" type="1" thread="3860" file="calternatehandler.cpp:408">
<![LOG[Input pGuidContentHandle NULL or empty, or NOT equal to current m_GuidContentHandle, skip cleanup, no need to cleanup or another update content downloading might be inprogress]LOG]!><time="04:44:28.971-120" date="04-13-2018" component="AlternateHandler" context="" type="1" thread="3860" file="calternatehandler.cpp:415">
<![LOG[CleanupInstall...]LOG]!><time="04:44:28.971-120" date="04-13-2018" component="AlternateHandler" context="" type="1" thread="3860" file="calternatehandler.cpp:470">
<![LOG[URegTimer of TimerCookie=0.]LOG]!><time="04:44:28.971-120" date="04-13-2018" component="AlternateHandler" context="" type="1" thread="3860" file="calternatehandler.cpp:795">
<![LOG[CleanupDownload...]LOG]!><time="07:10:28.053-120" date="04-17-2018" component="AlternateHandler" context="" type="1" thread="16040" file="calternatehandler.cpp:408">
<![LOG[Input pGuidContentHandle NULL or empty, or NOT equal to current m_GuidContentHandle, skip cleanup, no need to cleanup or another update content downloading might be inprogress]LOG]!><time="07:10:28.055-120" date="04-17-2018" component="AlternateHandler" context="" type="1" thread="16040" file="calternatehandler.cpp:415">
<![LOG[CleanupInstall...]LOG]!><time="07:10:28.055-120" date="04-17-2018" component="AlternateHandler" context="" type="1" thread="16040" file="calternatehandler.cpp:470">
<![LOG[URegTimer of TimerCookie=0.]LOG]!><time="07:10:28.055-120" date="04-17-2018" component="AlternateHandler" context="" type="1" thread="16040" file="calternatehandler.cpp:795">
<![LOG[CleanupDownload...]LOG]!><time="15:28:10.034-120" date="04-17-2018" component="AlternateHandler" context="" type="1" thread="11288" file="calternatehandler.cpp:408">
<![LOG[Input pGuidContentHandle NULL or empty, or NOT equal to current m_GuidContentHandle, skip cleanup, no need to cleanup or another update content downloading might be inprogress]LOG]!><time="15:28:10.035-120" date="04-17-2018" component="AlternateHandler" context="" type="1" thread="11288" file="calternatehandler.cpp:415">
<![LOG[CleanupInstall...]LOG]!><time="15:28:10.035-120" date="04-17-2018" component="AlternateHandler" context="" type="1" thread="11288" file="calternatehandler.cpp:470">
<![LOG[URegTimer of TimerCookie=0.]LOG]!><time="15:28:10.035-120" date="04-17-2018" component="AlternateHandler" context="" type="1" thread="11288" file="calternatehandler.cpp:795">
<![LOG[CleanupDownload...]LOG]!><time="11:47:17.959-120" date="04-19-2018" component="AlternateHandler" context="" type="1" thread="13140" file="calternatehandler.cpp:408">
<![LOG[Input pGuidContentHandle NULL or empty, or NOT equal to current m_GuidContentHandle, skip cleanup, no need to cleanup or another update content downloading might be inprogress]LOG]!><time="11:47:17.961-120" date="04-19-2018" component="AlternateHandler" context="" type="1" thread="13140" file="calternatehandler.cpp:415">
<![LOG[CleanupInstall...]LOG]!><time="11:47:17.961-120" date="04-19-2018" component="AlternateHandler" context="" type="1" thread="13140" file="calternatehandler.cpp:470">
<![LOG[URegTimer of TimerCookie=0.]LOG]!><time="11:47:17.961-120" date="04-19-2018" component="AlternateHandler" context="" type="1" thread="13140" file="calternatehandler.cpp:795">
<![LOG[CleanupDownload...]LOG]!><time="04:41:45.670-120" date="04-20-2018" component="AlternateHandler" context="" type="1" thread="8496" file="calternatehandler.cpp:408">
<![LOG[Input pGuidContentHandle NULL or empty, or NOT equal to current m_GuidContentHandle, skip cleanup, no need to cleanup or another update content downloading might be inprogress]LOG]!><time="04:41:45.670-120" date="04-20-2018" component="AlternateHandler" context="" type="1" thread="8496" file="calternatehandler.cpp:415">
<![LOG[CleanupInstall...]LOG]!><time="04:41:45.670-120" date="04-20-2018" component="AlternateHandler" context="" type="1" thread="8496" file="calternatehandler.cpp:470">
<![LOG[URegTimer of TimerCookie=0.]LOG]!><time="04:41:45.670-120" date="04-20-2018" component="AlternateHandler" context="" type="1" thread="8496" file="calternatehandler.cpp:795">
<![LOG[CleanupDownload...]LOG]!><time="16:56:35.083-120" date="04-24-2018" component="AlternateHandler" context="" type="1" thread="13416" file="calternatehandler.cpp:408">
<![LOG[Input pGuidContentHandle NULL or empty, or NOT equal to current m_GuidContentHandle, skip cleanup, no need to cleanup or another update content downloading might be inprogress]LOG]!><time="16:56:35.085-120" date="04-24-2018" component="AlternateHandler" context="" type="1" thread="13416" file="calternatehandler.cpp:415">
<![LOG[CleanupInstall...]LOG]!><time="16:56:35.085-120" date="04-24-2018" component="AlternateHandler" context="" type="1" thread="13416" file="calternatehandler.cpp:470">
<![LOG[URegTimer of TimerCookie=0.]LOG]!><time="16:56:35.085-120" date="04-24-2018" component="AlternateHandler" context="" type="1" thread="13416" file="calternatehandler.cpp:795">
<![LOG[CleanupDownload...]LOG]!><time="06:52:32.395-120" date="04-26-2018" component="AlternateHandler" context="" type="1" thread="8624" file="calternatehandler.cpp:408">
<![LOG[Input pGuidContentHandle NULL or empty, or NOT equal to current m_GuidContentHandle, skip cleanup, no need to cleanup or another update content downloading might be inprogress]LOG]!><time="06:52:32.395-120" date="04-26-2018" component="AlternateHandler" context="" type="1" thread="8624" file="calternatehandler.cpp:415">
<![LOG[CleanupInstall...]LOG]!><time="06:52:32.395-120" date="04-26-2018" component="AlternateHandler" context="" type="1" thread="8624" file="calternatehandler.cpp:470">
<![LOG[URegTimer of TimerCookie=0.]LOG]!><time="06:52:32.395-120" date="04-26-2018" component="AlternateHandler" context="" type="1" thread="8624" file="calternatehandler.cpp:795">
<![LOG[CleanupDownload...]LOG]!><time="04:46:09.512-120" date="05-02-2018" component="AlternateHandler" context="" type="1" thread="8512" file="calternatehandler.cpp:408">
<![LOG[Input pGuidContentHandle NULL or empty, or NOT equal to current m_GuidContentHandle, skip cleanup, no need to cleanup or another update content downloading might be inprogress]LOG]!><time="04:46:09.512-120" date="05-02-2018" component="AlternateHandler" context="" type="1" thread="8512" file="calternatehandler.cpp:415">
<![LOG[CleanupInstall...]LOG]!><time="04:46:09.512-120" date="05-02-2018" component="AlternateHandler" context="" type="1" thread="8512" file="calternatehandler.cpp:470">
<![LOG[URegTimer of TimerCookie=0.]LOG]!><time="04:46:09.512-120" date="05-02-2018" component="AlternateHandler" context="" type="1" thread="8512" file="calternatehandler.cpp:795">
<![LOG[CleanupDownload...]LOG]!><time="07:05:40.969-120" date="05-07-2018" component="AlternateHandler" context="" type="1" thread="12868" file="calternatehandler.cpp:408">
<![LOG[Input pGuidContentHandle NULL or empty, or NOT equal to current m_GuidContentHandle, skip cleanup, no need to cleanup or another update content downloading might be inprogress]LOG]!><time="07:05:40.970-120" date="05-07-2018" component="AlternateHandler" context="" type="1" thread="12868" file="calternatehandler.cpp:415">
<![LOG[CleanupInstall...]LOG]!><time="07:05:40.970-120" date="05-07-2018" component="AlternateHandler" context="" type="1" thread="12868" file="calternatehandler.cpp:470">
<![LOG[URegTimer of TimerCookie=0.]LOG]!><time="07:05:40.970-120" date="05-07-2018" component="AlternateHandler" context="" type="1" thread="12868" file="calternatehandler.cpp:795">
<![LOG[CleanupDownload...]LOG]!><time="06:37:35.287-120" date="05-11-2018" component="AlternateHandler" context="" type="1" thread="531024" file="calternatehandler.cpp:408">
<![LOG[Input pGuidContentHandle NULL or empty, or NOT equal to current m_GuidContentHandle, skip cleanup, no need to cleanup or another update content downloading might be inprogress]LOG]!><time="06:37:35.288-120" date="05-11-2018" component="AlternateHandler" context="" type="1" thread="531024" file="calternatehandler.cpp:415">
<![LOG[CleanupInstall...]LOG]!><time="06:37:35.288-120" date="05-11-2018" component="AlternateHandler" context="" type="1" thread="531024" file="calternatehandler.cpp:470">
<![LOG[URegTimer of TimerCookie=0.]LOG]!><time="06:37:35.288-120" date="05-11-2018" component="AlternateHandler" context="" type="1" thread="531024" file="calternatehandler.cpp:795">
<![LOG[CleanupDownload...]LOG]!><time="05:58:48.097-120" date="05-15-2018" component="AlternateHandler" context="" type="1" thread="519144" file="calternatehandler.cpp:422">
<![LOG[Input pGuidContentHandle NULL or empty, or NOT equal to current m_GuidContentHandle, skip cleanup, no need to cleanup or another update content downloading might be inprogress]LOG]!><time="05:58:48.099-120" date="05-15-2018" component="AlternateHandler" context="" type="1" thread="519144" file="calternatehandler.cpp:429">
<![LOG[CleanupInstall...]LOG]!><time="05:58:48.099-120" date="05-15-2018" component="AlternateHandler" context="" type="1" thread="519144" file="calternatehandler.cpp:484">
<![LOG[URegTimer of TimerCookie=0.]LOG]!><time="05:58:48.099-120" date="05-15-2018" component="AlternateHandler" context="" type="1" thread="519144" file="calternatehandler.cpp:809">
<![LOG[CleanupDownload...]LOG]!><time="11:24:03.937-120" date="05-18-2018" component="AlternateHandler" context="" type="1" thread="14180" file="calternatehandler.cpp:422">
<![LOG[Input pGuidContentHandle NULL or empty, or NOT equal to current m_GuidContentHandle, skip cleanup, no need to cleanup or another update content downloading might be inprogress]LOG]!><time="11:24:03.937-120" date="05-18-2018" component="AlternateHandler" context="" type="1" thread="14180" file="calternatehandler.cpp:429">
<![LOG[CleanupInstall...]LOG]!><time="11:24:03.937-120" date="05-18-2018" component="AlternateHandler" context="" type="1" thread="14180" file="calternatehandler.cpp:484">
<![LOG[URegTimer of TimerCookie=0.]LOG]!><time="11:24:03.937-120" date="05-18-2018" component="AlternateHandler" context="" type="1" thread="14180" file="calternatehandler.cpp:809">
<![LOG[CleanupDownload...]LOG]!><time="10:27:22.703-120" date="05-21-2018" component="AlternateHandler" context="" type="1" thread="10456" file="calternatehandler.cpp:422">
<![LOG[Input pGuidContentHandle NULL or empty, or NOT equal to current m_GuidContentHandle, skip cleanup, no need to cleanup or another update content downloading might be inprogress]LOG]!><time="10:27:22.703-120" date="05-21-2018" component="AlternateHandler" context="" type="1" thread="10456" file="calternatehandler.cpp:429">
<![LOG[CleanupInstall...]LOG]!><time="10:27:22.703-120" date="05-21-2018" component="AlternateHandler" context="" type="1" thread="10456" file="calternatehandler.cpp:484">
<![LOG[URegTimer of TimerCookie=0.]LOG]!><time="10:27:22.703-120" date="05-21-2018" component="AlternateHandler" context="" type="1" thread="10456" file="calternatehandler.cpp:809">
<![LOG[CleanupDownload...]LOG]!><time="11:05:46.617-120" date="05-24-2018" component="AlternateHandler" context="" type="1" thread="12428" file="calternatehandler.cpp:422">
<![LOG[Input pGuidContentHandle NULL or empty, or NOT equal to current m_GuidContentHandle, skip cleanup, no need to cleanup or another update content downloading might be inprogress]LOG]!><time="11:05:46.617-120" date="05-24-2018" component="AlternateHandler" context="" type="1" thread="12428" file="calternatehandler.cpp:429">
<![LOG[CleanupInstall...]LOG]!><time="11:05:46.617-120" date="05-24-2018" component="AlternateHandler" context="" type="1" thread="12428" file="calternatehandler.cpp:484">
<![LOG[URegTimer of TimerCookie=0.]LOG]!><time="11:05:46.617-120" date="05-24-2018" component="AlternateHandler" context="" type="1" thread="12428" file="calternatehandler.cpp:809">
<![LOG[CleanupDownload...]LOG]!><time="06:43:02.853-120" date="06-08-2018" component="AlternateHandler" context="" type="1" thread="13916" file="calternatehandler.cpp:422">
<![LOG[Input pGuidContentHandle NULL or empty, or NOT equal to current m_GuidContentHandle, skip cleanup, no need to cleanup or another update content downloading might be inprogress]LOG]!><time="06:43:02.853-120" date="06-08-2018" component="AlternateHandler" context="" type="1" thread="13916" file="calternatehandler.cpp:429">
<![LOG[CleanupInstall...]LOG]!><time="06:43:02.853-120" date="06-08-2018" component="AlternateHandler" context="" type="1" thread="13916" file="calternatehandler.cpp:484">
<![LOG[URegTimer of TimerCookie=0.]LOG]!><time="06:43:02.853-120" date="06-08-2018" component="AlternateHandler" context="" type="1" thread="13916" file="calternatehandler.cpp:809">
<![LOG[CleanupDownload...]LOG]!><time="12:34:55.684-120" date="06-12-2018" component="AlternateHandler" context="" type="1" thread="7920" file="calternatehandler.cpp:422">
<![LOG[Input pGuidContentHandle NULL or empty, or NOT equal to current m_GuidContentHandle, skip cleanup, no need to cleanup or another update content downloading might be inprogress]LOG]!><time="12:34:55.684-120" date="06-12-2018" component="AlternateHandler" context="" type="1" thread="7920" file="calternatehandler.cpp:429">
<![LOG[CleanupInstall...]LOG]!><time="12:34:55.684-120" date="06-12-2018" component="AlternateHandler" context="" type="1" thread="7920" file="calternatehandler.cpp:484">
<![LOG[URegTimer of TimerCookie=0.]LOG]!><time="12:34:55.684-120" date="06-12-2018" component="AlternateHandler" context="" type="1" thread="7920" file="calternatehandler.cpp:809">
<![LOG[CleanupDownload...]LOG]!><time="15:35:28.147-120" date="06-14-2018" component="AlternateHandler" context="" type="1" thread="15216" file="calternatehandler.cpp:422">
<![LOG[Input pGuidContentHandle NULL or empty, or NOT equal to current m_GuidContentHandle, skip cleanup, no need to cleanup or another update content downloading might be inprogress]LOG]!><time="15:35:28.147-120" date="06-14-2018" component="AlternateHandler" context="" type="1" thread="15216" file="calternatehandler.cpp:429">
<![LOG[CleanupInstall...]LOG]!><time="15:35:28.147-120" date="06-14-2018" component="AlternateHandler" context="" type="1" thread="15216" file="calternatehandler.cpp:484">
<![LOG[URegTimer of TimerCookie=0.]LOG]!><time="15:35:28.147-120" date="06-14-2018" component="AlternateHandler" context="" type="1" thread="15216" file="calternatehandler.cpp:809">
<![LOG[CleanupDownload...]LOG]!><time="12:15:31.924-120" date="06-18-2018" component="AlternateHandler" context="" type="1" thread="19432" file="calternatehandler.cpp:422">
<![LOG[Input pGuidContentHandle NULL or empty, or NOT equal to current m_GuidContentHandle, skip cleanup, no need to cleanup or another update content downloading might be inprogress]LOG]!><time="12:15:31.926-120" date="06-18-2018" component="AlternateHandler" context="" type="1" thread="19432" file="calternatehandler.cpp:429">
<![LOG[CleanupInstall...]LOG]!><time="12:15:31.926-120" date="06-18-2018" component="AlternateHandler" context="" type="1" thread="19432" file="calternatehandler.cpp:484">
<![LOG[URegTimer of TimerCookie=0.]LOG]!><time="12:15:31.926-120" date="06-18-2018" component="AlternateHandler" context="" type="1" thread="19432" file="calternatehandler.cpp:809">
<![LOG[CleanupDownload...]LOG]!><time="05:43:47.378-120" date="06-25-2018" component="AlternateHandler" context="" type="1" thread="14948" file="calternatehandler.cpp:422">
<![LOG[Input pGuidContentHandle NULL or empty, or NOT equal to current m_GuidContentHandle, skip cleanup, no need to cleanup or another update content downloading might be inprogress]LOG]!><time="05:43:47.378-120" date="06-25-2018" component="AlternateHandler" context="" type="1" thread="14948" file="calternatehandler.cpp:429">
<![LOG[CleanupInstall...]LOG]!><time="05:43:47.378-120" date="06-25-2018" component="AlternateHandler" context="" type="1" thread="14948" file="calternatehandler.cpp:484">
<![LOG[URegTimer of TimerCookie=0.]LOG]!><time="05:43:47.378-120" date="06-25-2018" component="AlternateHandler" context="" type="1" thread="14948" file="calternatehandler.cpp:809">
<![LOG[CleanupDownload...]LOG]!><time="14:24:21.751-120" date="06-25-2018" component="AlternateHandler" context="" type="1" thread="8016" file="calternatehandler.cpp:422">
<![LOG[Input pGuidContentHandle NULL or empty, or NOT equal to current m_GuidContentHandle, skip cleanup, no need to cleanup or another update content downloading might be inprogress]LOG]!><time="14:24:21.752-120" date="06-25-2018" component="AlternateHandler" context="" type="1" thread="8016" file="calternatehandler.cpp:429">
<![LOG[CleanupInstall...]LOG]!><time="14:24:21.752-120" date="06-25-2018" component="AlternateHandler" context="" type="1" thread="8016" file="calternatehandler.cpp:484">
<![LOG[URegTimer of TimerCookie=0.]LOG]!><time="14:24:21.752-120" date="06-25-2018" component="AlternateHandler" context="" type="1" thread="8016" file="calternatehandler.cpp:809">
<![LOG[CleanupDownload...]LOG]!><time="06:23:16.982-120" date="06-26-2018" component="AlternateHandler" context="" type="1" thread="11512" file="calternatehandler.cpp:422">
<![LOG[Input pGuidContentHandle NULL or empty, or NOT equal to current m_GuidContentHandle, skip cleanup, no need to cleanup or another update content downloading might be inprogress]LOG]!><time="06:23:16.982-120" date="06-26-2018" component="AlternateHandler" context="" type="1" thread="11512" file="calternatehandler.cpp:429">
<![LOG[CleanupInstall...]LOG]!><time="06:23:16.982-120" date="06-26-2018" component="AlternateHandler" context="" type="1" thread="11512" file="calternatehandler.cpp:484">
<![LOG[URegTimer of TimerCookie=0.]LOG]!><time="06:23:16.982-120" date="06-26-2018" component="AlternateHandler" context="" type="1" thread="11512" file="calternatehandler.cpp:809">
<![LOG[CleanupDownload...]LOG]!><time="09:42:08.314-120" date="07-02-2018" component="AlternateHandler" context="" type="1" thread="15132" file="calternatehandler.cpp:422">
<![LOG[Input pGuidContentHandle NULL or empty, or NOT equal to current m_GuidContentHandle, skip cleanup, no need to cleanup or another update content downloading might be inprogress]LOG]!><time="09:42:08.314-120" date="07-02-2018" component="AlternateHandler" context="" type="1" thread="15132" file="calternatehandler.cpp:429">
<![LOG[CleanupInstall...]LOG]!><time="09:42:08.314-120" date="07-02-2018" component="AlternateHandler" context="" type="1" thread="15132" file="calternatehandler.cpp:484">
<![LOG[URegTimer of TimerCookie=0.]LOG]!><time="09:42:08.314-120" date="07-02-2018" component="AlternateHandler" context="" type="1" thread="15132" file="calternatehandler.cpp:809">
<![LOG[CleanupDownload...]LOG]!><time="15:32:58.739-120" date="07-27-2018" component="AlternateHandler" context="" type="1" thread="21560" file="calternatehandler.cpp:422">
<![LOG[Input pGuidContentHandle NULL or empty, or NOT equal to current m_GuidContentHandle, skip cleanup, no need to cleanup or another update content downloading might be inprogress]LOG]!><time="15:32:58.739-120" date="07-27-2018" component="AlternateHandler" context="" type="1" thread="21560" file="calternatehandler.cpp:429">
<![LOG[CleanupInstall...]LOG]!><time="15:32:58.739-120" date="07-27-2018" component="AlternateHandler" context="" type="1" thread="21560" file="calternatehandler.cpp:484">
<![LOG[URegTimer of TimerCookie=0.]LOG]!><time="15:32:58.739-120" date="07-27-2018" component="AlternateHandler" context="" type="1" thread="21560" file="calternatehandler.cpp:809">
<![LOG[CleanupDownload...]LOG]!><time="15:01:05.836-120" date="07-28-2018" component="AlternateHandler" context="" type="1" thread="9676" file="calternatehandler.cpp:422">
<![LOG[Input pGuidContentHandle NULL or empty, or NOT equal to current m_GuidContentHandle, skip cleanup, no need to cleanup or another update content downloading might be inprogress]LOG]!><time="15:01:05.836-120" date="07-28-2018" component="AlternateHandler" context="" type="1" thread="9676" file="calternatehandler.cpp:429">
<![LOG[CleanupInstall...]LOG]!><time="15:01:05.836-120" date="07-28-2018" component="AlternateHandler" context="" type="1" thread="9676" file="calternatehandler.cpp:484">
<![LOG[URegTimer of TimerCookie=0.]LOG]!><time="15:01:05.836-120" date="07-28-2018" component="AlternateHandler" context="" type="1" thread="9676" file="calternatehandler.cpp:809">
<![LOG[CleanupDownload...]LOG]!><time="07:28:04.004-120" date="07-29-2018" component="AlternateHandler" context="" type="1" thread="7764" file="calternatehandler.cpp:422">
<![LOG[Input pGuidContentHandle NULL or empty, or NOT equal to current m_GuidContentHandle, skip cleanup, no need to cleanup or another update content downloading might be inprogress]LOG]!><time="07:28:04.004-120" date="07-29-2018" component="AlternateHandler" context="" type="1" thread="7764" file="calternatehandler.cpp:429">
<![LOG[CleanupInstall...]LOG]!><time="07:28:04.004-120" date="07-29-2018" component="AlternateHandler" context="" type="1" thread="7764" file="calternatehandler.cpp:484">
<![LOG[URegTimer of TimerCookie=0.]LOG]!><time="07:28:04.004-120" date="07-29-2018" component="AlternateHandler" context="" type="1" thread="7764" file="calternatehandler.cpp:809">
<![LOG[CleanupDownload...]LOG]!><time="08:12:25.838-120" date="08-09-2018" component="AlternateHandler" context="" type="1" thread="10816" file="calternatehandler.cpp:422">
<![LOG[Input pGuidContentHandle NULL or empty, or NOT equal to current m_GuidContentHandle, skip cleanup, no need to cleanup or another update content downloading might be inprogress]LOG]!><time="08:12:25.841-120" date="08-09-2018" component="AlternateHandler" context="" type="1" thread="10816" file="calternatehandler.cpp:429">
<![LOG[CleanupInstall...]LOG]!><time="08:12:25.841-120" date="08-09-2018" component="AlternateHandler" context="" type="1" thread="10816" file="calternatehandler.cpp:484">
<![LOG[URegTimer of TimerCookie=0.]LOG]!><time="08:12:25.841-120" date="08-09-2018" component="AlternateHandler" context="" type="1" thread="10816" file="calternatehandler.cpp:809">
<![LOG[CleanupDownload...]LOG]!><time="13:36:40.197-120" date="10-03-2018" component="AlternateHandler" context="" type="1" thread="10788" file="calternatehandler.cpp:422">
<![LOG[Input pGuidContentHandle NULL or empty, or NOT equal to current m_GuidContentHandle, skip cleanup, no need to cleanup or another update content downloading might be inprogress]LOG]!><time="13:36:40.199-120" date="10-03-2018" component="AlternateHandler" context="" type="1" thread="10788" file="calternatehandler.cpp:429">
<![LOG[CleanupInstall...]LOG]!><time="13:36:40.199-120" date="10-03-2018" component="AlternateHandler" context="" type="1" thread="10788" file="calternatehandler.cpp:484">
<![LOG[URegTimer of TimerCookie=0.]LOG]!><time="13:36:40.199-120" date="10-03-2018" component="AlternateHandler" context="" type="1" thread="10788" file="calternatehandler.cpp:809">
