<![LOG[Job {71568D6D-A918-4793-887B-1F75F92326E3} is waiting for execution]LOG]!><time="13:37:09.743-120" date="10-03-2018" component="UpdatesHandler" context="" type="1" thread="10504" file="jobmanager.cpp:409">
<![LOG[MTC task with id {731F22B9-2FF6-4E55-89AA-5AA6CCF0758C}, changed state from 1 to 4]LOG]!><time="13:37:29.229-120" date="10-03-2018" component="UpdatesHandler" context="" type="1" thread="10992" file="jobmanager.cpp:317">
<![LOG[Job {71568D6D-A918-4793-887B-1F75F92326E3} is starting execution]LOG]!><time="13:37:29.229-120" date="10-03-2018" component="UpdatesHandler" context="" type="1" thread="10992" file="jobmanager.cpp:401">
<![LOG[Sending ack to MTC for task with id: {731F22B9-2FF6-4E55-89AA-5AA6CCF0758C}]LOG]!><time="13:37:29.229-120" date="10-03-2018" component="UpdatesHandler" context="" type="1" thread="10992" file="mtcjobhelper.cpp:209">
<![LOG[Job ({71568D6D-A918-4793-887B-1F75F92326E3}) already connected, start processing]LOG]!><time="13:37:29.238-120" date="10-03-2018" component="UpdatesHandler" context="" type="1" thread="10992" file="job.cpp:1031">
<![LOG[Initiating Scan. Forced = (0)]LOG]!><time="13:37:29.244-120" date="10-03-2018" component="UpdatesHandler" context="" type="1" thread="10992" file="job.cpp:1684">
<![LOG[Successfully initiated scan for job ({71568D6D-A918-4793-887B-1F75F92326E3}).]LOG]!><time="13:37:29.273-120" date="10-03-2018" component="UpdatesHandler" context="" type="1" thread="10992" file="job.cpp:1739">
<![LOG[MTC task with id {731F22B9-2FF6-4E55-89AA-5AA6CCF0758C}, changed state from 4 to 5]LOG]!><time="13:37:29.273-120" date="10-03-2018" component="UpdatesHandler" context="" type="1" thread="10992" file="jobmanager.cpp:317">
<![LOG[No change in the handle state. Ignoring.]LOG]!><time="13:37:29.273-120" date="10-03-2018" component="UpdatesHandler" context="" type="1" thread="10992" file="jobmanager.cpp:366">
<![LOG[Scan completion received for job ({71568D6D-A918-4793-887B-1F75F92326E3}).]LOG]!><time="13:37:29.277-120" date="10-03-2018" component="UpdatesHandler" context="" type="1" thread="9276" file="job.cpp:1777">
<![LOG[Evaluating status of the updates for the job ({71568D6D-A918-4793-887B-1F75F92326E3}).]LOG]!><time="13:37:29.277-120" date="10-03-2018" component="UpdatesHandler" context="" type="1" thread="9276" file="job.cpp:2466">
<![LOG[CDeploymentJob::InstallUpdatesInBatch - Batch or non-batch install is not in progress for the job ({71568D6D-A918-4793-887B-1F75F92326E3}). So allowing install..]LOG]!><time="13:37:29.277-120" date="10-03-2018" component="UpdatesHandler" context="" type="1" thread="9276" file="job.cpp:3496">
<![LOG[CDeploymentJob::InstallUpdatesInBatch - Resetting install flag to false as method is complete]LOG]!><time="13:40:43.678-120" date="10-03-2018" component="UpdatesHandler" context="" type="1" thread="9276" file="job.cpp:3547">
<![LOG[WSUS update (c500277e-5c58-4b4a-b2ac-75e2e26eff88) installation result = 0x0, Reboot State = NoReboot]LOG]!><time="13:41:41.602-120" date="10-03-2018" component="UpdatesHandler" context="" type="1" thread="10184" file="wsusupdatehandler.cpp:392">
<![LOG[Update (c500277e-5c58-4b4a-b2ac-75e2e26eff88) execution completed with state COMPLETE_NO_REBOOT.]LOG]!><time="13:41:41.602-120" date="10-03-2018" component="UpdatesHandler" context="" type="1" thread="10184" file="update.cpp:1747">
<![LOG[WSUS update (feddc789-2947-47b2-bfc0-217e7a02da9b) installation result = 0x0, Reboot State = NoReboot]LOG]!><time="13:42:18.218-120" date="10-03-2018" component="UpdatesHandler" context="" type="1" thread="10184" file="wsusupdatehandler.cpp:392">
<![LOG[Update (feddc789-2947-47b2-bfc0-217e7a02da9b) execution completed with state COMPLETE_NO_REBOOT.]LOG]!><time="13:42:18.218-120" date="10-03-2018" component="UpdatesHandler" context="" type="1" thread="10184" file="update.cpp:1747">
<![LOG[Starting non batched updates processing]LOG]!><time="13:42:18.234-120" date="10-03-2018" component="UpdatesHandler" context="" type="1" thread="8480" file="job.cpp:3256">
<![LOG[CDeploymentJob::ExecuteUpdates - Batch or non-batch install is not in progress for the job ({71568D6D-A918-4793-887B-1F75F92326E3}). So allowing install..]LOG]!><time="13:42:18.234-120" date="10-03-2018" component="UpdatesHandler" context="" type="1" thread="8480" file="job.cpp:2373">
<![LOG[Executing the updates for the job ({71568D6D-A918-4793-887B-1F75F92326E3}).]LOG]!><time="13:42:18.234-120" date="10-03-2018" component="UpdatesHandler" context="" type="1" thread="8480" file="job.cpp:2381">
<![LOG[CDeploymentJob::ExecuteUpdates - Resetting install flag to false as method is complete]LOG]!><time="13:42:18.234-120" date="10-03-2018" component="UpdatesHandler" context="" type="1" thread="8480" file="job.cpp:2445">
<![LOG[Execution completed for the job ({71568D6D-A918-4793-887B-1F75F92326E3}).]LOG]!><time="13:42:18.234-120" date="10-03-2018" component="UpdatesHandler" context="" type="1" thread="8480" file="job.cpp:2849">
<![LOG[Initiating Scan. Forced = (1)]LOG]!><time="13:42:18.249-120" date="10-03-2018" component="UpdatesHandler" context="" type="1" thread="8480" file="job.cpp:1684">
<![LOG[Successfully initiated scan for job ({71568D6D-A918-4793-887B-1F75F92326E3}).]LOG]!><time="13:42:18.281-120" date="10-03-2018" component="UpdatesHandler" context="" type="1" thread="8480" file="job.cpp:1739">
<![LOG[Scan completion received for job ({71568D6D-A918-4793-887B-1F75F92326E3}).]LOG]!><time="13:43:02.786-120" date="10-03-2018" component="UpdatesHandler" context="" type="1" thread="10032" file="job.cpp:1777">
<![LOG[Evaluating status of the updates for the job ({71568D6D-A918-4793-887B-1F75F92326E3}).]LOG]!><time="13:43:02.786-120" date="10-03-2018" component="UpdatesHandler" context="" type="1" thread="10032" file="job.cpp:2466">
<![LOG[Requesting MTC to delete task with id: {731F22B9-2FF6-4E55-89AA-5AA6CCF0758C}]LOG]!><time="13:43:02.801-120" date="10-03-2018" component="UpdatesHandler" context="" type="1" thread="2680" file="mtcjobhelper.cpp:95">
<![LOG[Deployment Job not found for the supplied MTC Task id: {731F22B9-2FF6-4E55-89AA-5AA6CCF0758C}]LOG]!><time="13:43:02.801-120" date="10-03-2018" component="UpdatesHandler" context="" type="1" thread="7416" file="jobmanager.cpp:470">
<![LOG[Successfully sent job ({71568D6D-A918-4793-887B-1F75F92326E3}) success completion to the SdmAgent]LOG]!><time="13:43:02.801-120" date="10-03-2018" component="UpdatesHandler" context="" type="1" thread="2680" file="job.cpp:1637">
<![LOG[CompleteJob received from SDM.]LOG]!><time="13:43:02.817-120" date="10-03-2018" component="UpdatesHandler" context="" type="1" thread="2680" file="cupdatesagent.cpp:300">
<![LOG[Complete - Job ({71568D6D-A918-4793-887B-1F75F92326E3}) Cleanup.]LOG]!><time="13:43:02.817-120" date="10-03-2018" component="UpdatesHandler" context="" type="1" thread="2680" file="job.cpp:1420">
<![LOG[CompleteJob - Job ({71568D6D-A918-4793-887B-1F75F92326E3}) removed from job manager list.]LOG]!><time="13:43:02.832-120" date="10-03-2018" component="UpdatesHandler" context="" type="1" thread="2680" file="jobmanager.cpp:205">
<![LOG[Updates scan completion received, result = 0x0.]LOG]!><time="13:44:52.348-120" date="10-03-2018" component="UpdatesHandler" context="" type="1" thread="11136" file="capplicabilityhandler.cpp:100">
<![LOG[Updates scan completion received, result = 0x0.]LOG]!><time="13:44:52.363-120" date="10-03-2018" component="UpdatesHandler" context="" type="1" thread="6496" file="capplicabilityhandler.cpp:100">
<![LOG[Updates scan completion received, result = 0x0.]LOG]!><time="13:44:52.379-120" date="10-03-2018" component="UpdatesHandler" context="" type="1" thread="10208" file="capplicabilityhandler.cpp:100">
<![LOG[Updates scan completion received, result = 0x0.]LOG]!><time="13:44:52.410-120" date="10-03-2018" component="UpdatesHandler" context="" type="1" thread="10592" file="capplicabilityhandler.cpp:100">
<![LOG[Updates scan completion received, result = 0x0.]LOG]!><time="13:44:52.441-120" date="10-03-2018" component="UpdatesHandler" context="" type="1" thread="10800" file="capplicabilityhandler.cpp:100">
<![LOG[Updates scan completion received, result = 0x0.]LOG]!><time="13:44:52.519-120" date="10-03-2018" component="UpdatesHandler" context="" type="1" thread="4784" file="capplicabilityhandler.cpp:100">
<![LOG[Updates scan completion received, result = 0x0.]LOG]!><time="13:44:52.582-120" date="10-03-2018" component="UpdatesHandler" context="" type="1" thread="8844" file="capplicabilityhandler.cpp:100">
<![LOG[Updates scan completion received, result = 0x0.]LOG]!><time="13:44:52.613-120" date="10-03-2018" component="UpdatesHandler" context="" type="1" thread="7076" file="capplicabilityhandler.cpp:100">
<![LOG[Updates scan completion received, result = 0x0.]LOG]!><time="13:44:52.644-120" date="10-03-2018" component="UpdatesHandler" context="" type="1" thread="9380" file="capplicabilityhandler.cpp:100">
<![LOG[Updates scan completion received, result = 0x0.]LOG]!><time="13:44:52.676-120" date="10-03-2018" component="UpdatesHandler" context="" type="1" thread="5360" file="capplicabilityhandler.cpp:100">
<![LOG[Updates scan completion received, result = 0x0.]LOG]!><time="13:44:52.707-120" date="10-03-2018" component="UpdatesHandler" context="" type="1" thread="10208" file="capplicabilityhandler.cpp:100">
<![LOG[Updates scan completion received, result = 0x0.]LOG]!><time="13:44:52.722-120" date="10-03-2018" component="UpdatesHandler" context="" type="1" thread="10112" file="capplicabilityhandler.cpp:100">
<![LOG[CUpdatesAgent::FinalConstruct entered]LOG]!><time="13:54:27.733-120" date="10-03-2018" component="UpdatesHandler" context="" type="1" thread="3276" file="cupdatesagent.cpp:48">
<![LOG[CUpdatesAgent::FinalConstruct entered]LOG]!><time="14:05:38.047-120" date="10-03-2018" component="UpdatesHandler" context="" type="1" thread="2332" file="cupdatesagent.cpp:48">
<![LOG[CUpdatesAgent::FinalConstruct entered]LOG]!><time="03:45:46.695-120" date="10-22-2018" component="UpdatesHandler" context="" type="1" thread="3332" file="cupdatesagent.cpp:48">
<![LOG[CUpdatesAgent::FinalConstruct entered]LOG]!><time="16:17:45.718-120" date="10-27-2018" component="UpdatesHandler" context="" type="1" thread="10172" file="cupdatesagent.cpp:48">
<![LOG[CUpdatesAgent::FinalConstruct entered]LOG]!><time="06:17:21.246-60" date="10-29-2018" component="UpdatesHandler" context="" type="1" thread="6412" file="cupdatesagent.cpp:48">
<![LOG[CUpdatesAgent::FinalConstruct entered]LOG]!><time="15:24:33.069-60" date="11-05-2018" component="UpdatesHandler" context="" type="1" thread="2792" file="cupdatesagent.cpp:48">
<![LOG[CUpdatesAgent::FinalConstruct entered]LOG]!><time="09:25:30.242-60" date="11-06-2018" component="UpdatesHandler" context="" type="1" thread="2760" file="cupdatesagent.cpp:48">
<![LOG[CUpdatesAgent::FinalConstruct entered]LOG]!><time="14:25:29.094-60" date="11-07-2018" component="UpdatesHandler" context="" type="1" thread="9104" file="cupdatesagent.cpp:48">
<![LOG[CUpdatesAgent::FinalConstruct entered]LOG]!><time="06:56:46.988-60" date="11-08-2018" component="UpdatesHandler" context="" type="1" thread="5756" file="cupdatesagent.cpp:48">
<![LOG[CUpdatesAgent::FinalConstruct entered]LOG]!><time="06:46:19.403-60" date="11-21-2018" component="UpdatesHandler" context="" type="1" thread="10212" file="cupdatesagent.cpp:48">
<![LOG[CUpdatesAgent::FinalConstruct entered]LOG]!><time="09:02:32.649-60" date="11-27-2018" component="UpdatesHandler" context="" type="1" thread="8704" file="cupdatesagent.cpp:48">
<![LOG[CUpdatesAgent::FinalConstruct entered]LOG]!><time="08:02:48.804-60" date="12-01-2018" component="UpdatesHandler" context="" type="1" thread="10900" file="cupdatesagent.cpp:48">
<![LOG[CUpdatesAgent::FinalConstruct entered]LOG]!><time="15:20:40.388-60" date="12-02-2018" component="UpdatesHandler" context="" type="1" thread="5784" file="cupdatesagent.cpp:48">
<![LOG[CUpdatesAgent::FinalConstruct entered]LOG]!><time="05:12:46.574-60" date="12-04-2018" component="UpdatesHandler" context="" type="1" thread="7996" file="cupdatesagent.cpp:48">
<![LOG[CUpdatesAgent::FinalConstruct entered]LOG]!><time="13:16:56.014-60" date="12-07-2018" component="UpdatesHandler" context="" type="1" thread="5776" file="cupdatesagent.cpp:48">
<![LOG[CUpdatesAgent::FinalConstruct entered]LOG]!><time="08:18:09.295-60" date="12-08-2018" component="UpdatesHandler" context="" type="1" thread="4624" file="cupdatesagent.cpp:48">
<![LOG[CUpdatesAgent::FinalConstruct entered]LOG]!><time="16:48:09.995-60" date="12-08-2018" component="UpdatesHandler" context="" type="1" thread="6412" file="cupdatesagent.cpp:48">
<![LOG[CUpdatesAgent::FinalConstruct entered]LOG]!><time="06:23:08.176-60" date="12-10-2018" component="UpdatesHandler" context="" type="1" thread="8724" file="cupdatesagent.cpp:48">
<![LOG[CUpdatesAgent::FinalConstruct entered]LOG]!><time="14:15:39.451-60" date="12-14-2018" component="UpdatesHandler" context="" type="1" thread="8616" file="cupdatesagent.cpp:48">
<![LOG[CUpdatesAgent::FinalConstruct entered]LOG]!><time="06:05:44.336-60" date="12-18-2018" component="UpdatesHandler" context="" type="1" thread="8572" file="cupdatesagent.cpp:48">
<![LOG[CUpdatesAgent::FinalConstruct entered]LOG]!><time="13:14:32.254-60" date="12-23-2018" component="UpdatesHandler" context="" type="1" thread="5252" file="cupdatesagent.cpp:48">
<![LOG[CUpdatesAgent::FinalConstruct entered]LOG]!><time="16:01:32.624-60" date="12-24-2018" component="UpdatesHandler" context="" type="1" thread="7696" file="cupdatesagent.cpp:48">
<![LOG[CUpdatesAgent::FinalConstruct entered]LOG]!><time="06:38:38.474-60" date="12-27-2018" component="UpdatesHandler" context="" type="1" thread="11172" file="cupdatesagent.cpp:48">
<![LOG[CUpdatesAgent::FinalConstruct entered]LOG]!><time="10:57:56.638-60" date="01-05-2019" component="UpdatesHandler" context="" type="1" thread="5472" file="cupdatesagent.cpp:48">
